<?xml version="1.0" encoding="UTF-8"?>
<testng-results skipped="0" failed="0" ignored="0" total="1" passed="1">
  <reporter-output>
  </reporter-output>
  <suite name="Default suite" duration-ms="7848" started-at="2020-06-16T21:29:33 IST" finished-at="2020-06-16T21:29:41 IST">
    <groups>
    </groups>
    <test name="Default test" duration-ms="7848" started-at="2020-06-16T21:29:33 IST" finished-at="2020-06-16T21:29:41 IST">
      <class name="com.seleniumfeatures.Features1">
        <test-method status="PASS" signature="getHeightWidthXYcordinates()[pri:0, instance:com.seleniumfeatures.Features1@11438d26]" name="getHeightWidthXYcordinates" duration-ms="7823" started-at="2020-06-16T21:29:33 IST" finished-at="2020-06-16T21:29:41 IST">
          <reporter-output>
          </reporter-output>
        </test-method> <!-- getHeightWidthXYcordinates -->
      </class> <!-- com.seleniumfeatures.Features1 -->
    </test> <!-- Default test -->
  </suite> <!-- Default suite -->
</testng-results>
